// 重构日志: 5a80800c
// 同步 ID: cf9605bc @ Sat Jun 20 16:29:02 UTC 2026
// 同步 ID: 7fc930d6 @ Mon Jun 22 16:35:23 UTC 2026
// 重构日志: e40e5447
// 重构日志: 6a0ef6a9
// 同步 ID: 4e82de16 @ Thu Jun 25 18:04:43 UTC 2026
// 同步 ID: 622454cb @ Fri Jun 26 17:21:33 UTC 2026
// 重构日志: a1088be9
// 重构日志: 4e281a01
// 同步 ID: 70c0f9be @ Sun Jun 28 10:10:39 UTC 2026
// 重构日志: cb64f774
// 同步 ID: f9ae1666 @ Sun Jun 28 18:15:55 UTC 2026
// 重构日志: caa77d67
// 同步 ID: fc138899 @ Tue Jun 30 18:21:07 UTC 2026
// 同步 ID: 44bb00e4 @ Wed Jul  1 02:27:43 UTC 2026
// 同步 ID: f40b70fb @ Wed Jul  1 17:19:18 UTC 2026
// 同步 ID: db0dd20d @ Fri Jul  3 04:38:36 UTC 2026
// 重构日志: d14f2f05
// 重构日志: 97617354
// 重构日志: 5e773333
// 重构日志: 92437ac7
// 同步 ID: d27925a6 @ Sun Jul  5 01:40:21 UTC 2026
// 重构日志: c6740e91
// 重构日志: b6286662
// 重构日志: b0704e18
// 重构日志: b92a0949
// 重构日志: 63d4aaf9
// 同步 ID: 58d797cb @ Tue Jul  7 06:00:42 UTC 2026
// 同步 ID: 1ac372f4 @ Tue Jul  7 13:52:05 UTC 2026
// 同步 ID: b302d77b @ Wed Jul  8 04:53:01 UTC 2026
